2025-05-25 21:01:05,018 - INFO - 截图客户端初始化完成，服务器地址: http://localhost:8000
2025-05-25 21:01:05,019 - INFO - 截图客户端启动中...
2025-05-25 21:01:07,056 - INFO - 服务器连接测试成功
2025-05-25 21:01:07,057 - INFO - 开始轮询服务器，间隔: 0.2 秒
2025-05-25 21:01:07,057 - INFO - 按 Ctrl+C 停止客户端
2025-05-25 21:01:33,000 - INFO - 发现 1 个待处理的截图请求
2025-05-25 21:01:33,001 - INFO - 开始处理截图请求 - ID: 789f4966-950f-4985-9252-4c558eaa4887, 用户: mobile_user_1748178092837
2025-05-25 21:01:33,140 - INFO - 截图成功，图片大小: 617608 字符
2025-05-25 21:01:33,171 - INFO - 截图上传成功，请求ID: 789f4966-950f-4985-9252-4c558eaa4887
2025-05-25 21:01:33,171 - INFO - 截图请求处理完成 - ID: 789f4966-950f-4985-9252-4c558eaa4887
2025-05-25 21:25:28,945 - INFO - 接收到停止信号
2025-05-25 21:25:28,945 - INFO - 截图客户端已停止
2025-05-25 21:26:13,783 - INFO - 截图客户端初始化完成，服务器地址: http://localhost:8000
2025-05-25 21:26:13,783 - INFO - 截图区域: x=44, y=29, width=1196, height=739
2025-05-25 21:26:13,783 - INFO - 截图客户端启动中...
2025-05-25 21:26:15,834 - INFO - 服务器连接测试成功
2025-05-25 21:26:15,834 - INFO - 开始轮询服务器，间隔: 0.1 秒
2025-05-25 21:26:15,834 - INFO - 按 Ctrl+C 停止客户端
2025-05-25 21:26:25,625 - INFO - 发现 1 个待处理的截图请求
2025-05-25 21:26:25,625 - INFO - 开始处理截图请求 - ID: 22cd48a7-82e9-4071-a42b-3feaf4dd8a76, 用户: mobile_user_1748179585565
2025-05-25 21:26:25,675 - INFO - 区域截图成功，区域: (44, 29, 1196, 739)
2025-05-25 21:26:25,706 - INFO - 截图编码完成，图片大小: 186796 字符
2025-05-25 21:26:25,711 - INFO - 截图上传成功，请求ID: 22cd48a7-82e9-4071-a42b-3feaf4dd8a76
2025-05-25 21:26:25,711 - INFO - 截图请求处理完成 - ID: 22cd48a7-82e9-4071-a42b-3feaf4dd8a76
2025-05-25 21:26:34,191 - INFO - 发现 1 个待处理的截图请求
2025-05-25 21:26:34,191 - INFO - 开始处理截图请求 - ID: 94fa1694-571a-4878-977b-f91794de3e11, 用户: mobile_user_1748179594146
2025-05-25 21:26:34,243 - INFO - 区域截图成功，区域: (44, 29, 1196, 739)
2025-05-25 21:26:34,261 - INFO - 截图编码完成，图片大小: 186796 字符
2025-05-25 21:26:34,265 - INFO - 截图上传成功，请求ID: 94fa1694-571a-4878-977b-f91794de3e11
2025-05-25 21:26:34,265 - INFO - 截图请求处理完成 - ID: 94fa1694-571a-4878-977b-f91794de3e11
2025-05-25 21:27:13,249 - INFO - 发现 1 个待处理的截图请求
2025-05-25 21:27:13,250 - INFO - 开始处理截图请求 - ID: a65dfca9-3f95-4a42-8532-d9a9a33085ac, 用户: mobile_user_1748179633233
2025-05-25 21:27:13,313 - INFO - 区域截图成功，区域: (44, 29, 1196, 739)
2025-05-25 21:27:13,329 - INFO - 截图编码完成，图片大小: 186800 字符
2025-05-25 21:27:13,333 - INFO - 截图上传成功，请求ID: a65dfca9-3f95-4a42-8532-d9a9a33085ac
2025-05-25 21:27:13,333 - INFO - 截图请求处理完成 - ID: a65dfca9-3f95-4a42-8532-d9a9a33085ac
2025-05-25 21:33:03,880 - INFO - 接收到停止信号
2025-05-25 21:33:03,881 - INFO - 截图客户端已停止
2025-05-25 21:47:12,767 - INFO - 已选择截图区域: x=67, y=71, width=1144, height=642
2025-05-25 21:47:16,375 - INFO - 截图客户端初始化完成，服务器地址: http://localhost:8000
2025-05-25 21:47:16,375 - INFO - 截图区域: x=67, y=71, width=1144, height=642
2025-05-25 21:47:16,376 - INFO - 截图客户端启动中...
2025-05-25 21:47:16,380 - INFO - 客户端已启动
2025-05-25 21:47:18,430 - INFO - 服务器连接测试成功
2025-05-25 21:47:18,430 - INFO - 开始轮询服务器，间隔: 0.2 秒
2025-05-25 21:47:31,818 - INFO - 发现 1 个待处理的截图请求
2025-05-25 21:47:31,818 - INFO - 开始处理截图请求 - ID: ead66a56-5289-487b-98dc-4811249691ec, 用户: mobile_user_1748180851638
2025-05-25 21:47:31,876 - INFO - 区域截图成功，区域: (67, 71, 1144, 642)
2025-05-25 21:47:31,902 - INFO - 截图编码完成，图片大小: 96572 字符
2025-05-25 21:47:31,926 - INFO - 截图上传成功，请求ID: ead66a56-5289-487b-98dc-4811249691ec
2025-05-25 21:47:31,927 - INFO - 截图请求处理完成 - ID: ead66a56-5289-487b-98dc-4811249691ec
2025-05-25 21:47:49,560 - INFO - 截图客户端已停止
2025-05-25 21:47:49,563 - INFO - 客户端已停止
2025-05-25 21:59:12,843 - INFO - 已选择截图区域: x=172, y=127, width=2113, height=1078
2025-05-25 21:59:32,459 - INFO - 已选择截图区域: x=202, y=167, width=2083, height=1186
2025-05-25 21:59:42,395 - INFO - 截图客户端初始化完成，服务器地址: http://localhost:8000
2025-05-25 21:59:42,396 - INFO - 截图区域: x=202, y=167, width=2083, height=1186
2025-05-25 21:59:42,396 - INFO - 截图客户端启动中...
2025-05-25 21:59:42,401 - INFO - 客户端已启动
2025-05-25 21:59:44,447 - INFO - 服务器连接测试成功
2025-05-25 21:59:44,447 - INFO - 开始轮询服务器，间隔: 2.0 秒
2025-05-25 21:59:52,487 - INFO - 发现 1 个待处理的截图请求
2025-05-25 21:59:52,487 - INFO - 开始处理截图请求 - ID: cc9a4f3f-c322-4e36-80d9-02ce5736fc83, 用户: mobile_user_1748181590934
2025-05-25 21:59:52,487 - INFO - 准备区域截图，bbox: (202, 167, 2285, 1353)
2025-05-25 21:59:52,552 - INFO - 区域截图成功，实际尺寸: (2083, 1186)
2025-05-25 21:59:52,607 - INFO - 截图编码完成，图片大小: 269748 字符
2025-05-25 21:59:52,627 - INFO - 截图上传成功，请求ID: cc9a4f3f-c322-4e36-80d9-02ce5736fc83
2025-05-25 21:59:52,627 - INFO - 截图请求处理完成 - ID: cc9a4f3f-c322-4e36-80d9-02ce5736fc83
2025-05-25 22:00:00,645 - INFO - 截图客户端已停止
2025-05-25 22:00:00,647 - INFO - 客户端已停止
2025-05-25 22:00:02,865 - INFO - 截图客户端初始化完成，服务器地址: http://localhost:8000
2025-05-25 22:00:02,866 - INFO - 截图区域: x=202, y=167, width=2083, height=1186
2025-05-25 22:00:02,867 - INFO - 截图客户端启动中...
2025-05-25 22:00:02,869 - INFO - 客户端已启动
2025-05-25 22:00:04,926 - INFO - 服务器连接测试成功
2025-05-25 22:00:04,926 - INFO - 开始轮询服务器，间隔: 0.2 秒
2025-05-25 22:00:08,277 - INFO - 发现 1 个待处理的截图请求
2025-05-25 22:00:08,278 - INFO - 开始处理截图请求 - ID: 65572c91-1f5d-4787-b55e-2d982a9305bb, 用户: mobile_user_1748181608259
2025-05-25 22:00:08,278 - INFO - 准备区域截图，bbox: (202, 167, 2285, 1353)
2025-05-25 22:00:08,332 - INFO - 区域截图成功，实际尺寸: (2083, 1186)
2025-05-25 22:00:08,377 - INFO - 截图编码完成，图片大小: 392228 字符
2025-05-25 22:00:08,383 - INFO - 截图上传成功，请求ID: 65572c91-1f5d-4787-b55e-2d982a9305bb
2025-05-25 22:00:08,383 - INFO - 截图请求处理完成 - ID: 65572c91-1f5d-4787-b55e-2d982a9305bb
2025-05-25 22:00:32,783 - INFO - 截图客户端已停止
2025-05-25 22:00:32,786 - INFO - 客户端已停止
2025-05-25 22:00:54,958 - INFO - 已选择截图区域: x=0, y=0, width=2559, height=1599
2025-05-25 22:00:56,845 - INFO - 截图客户端初始化完成，服务器地址: http://localhost:8000
2025-05-25 22:00:56,845 - INFO - 截图区域: x=0, y=0, width=2559, height=1599
2025-05-25 22:00:56,845 - INFO - 截图客户端启动中...
2025-05-25 22:00:56,850 - INFO - 客户端已启动
2025-05-25 22:00:58,900 - INFO - 服务器连接测试成功
2025-05-25 22:00:58,900 - INFO - 开始轮询服务器，间隔: 2.0 秒
2025-05-25 22:01:02,937 - INFO - 发现 1 个待处理的截图请求
2025-05-25 22:01:02,938 - INFO - 开始处理截图请求 - ID: d467acdb-647a-40c3-ae20-32e051275941, 用户: mobile_user_1748181661342
2025-05-25 22:01:02,938 - INFO - 准备区域截图，bbox: (0, 0, 2559, 1599)
2025-05-25 22:01:02,991 - INFO - 区域截图成功，实际尺寸: (2559, 1599)
2025-05-25 22:01:03,085 - INFO - 截图编码完成，图片大小: 624176 字符
2025-05-25 22:01:03,120 - INFO - 截图上传成功，请求ID: d467acdb-647a-40c3-ae20-32e051275941
2025-05-25 22:01:03,120 - INFO - 截图请求处理完成 - ID: d467acdb-647a-40c3-ae20-32e051275941
2025-05-25 22:01:31,227 - INFO - 截图客户端已停止
2025-05-25 22:01:31,229 - INFO - 客户端已停止
2025-05-25 22:05:55,177 - INFO - 已选择截图区域: x=0, y=0, width=2559, height=1599
2025-05-25 22:05:56,401 - INFO - 截图客户端初始化完成，服务器地址: http://localhost:8000
2025-05-25 22:05:56,401 - INFO - 截图区域: x=0, y=0, width=2559, height=1599
2025-05-25 22:05:56,402 - INFO - 截图客户端启动中...
2025-05-25 22:05:56,406 - INFO - 客户端已启动
2025-05-25 22:05:58,447 - INFO - 服务器连接测试成功
2025-05-25 22:05:58,447 - INFO - 开始轮询服务器，间隔: 0.5 秒
2025-05-25 22:06:03,038 - INFO - 发现 1 个待处理的截图请求
2025-05-25 22:06:03,039 - INFO - 开始处理截图请求 - ID: 7df90be3-477d-4c83-971e-3ba47ae08d69, 用户: art_viewer_1748181962841
2025-05-25 22:06:03,039 - INFO - 准备区域截图，bbox: (0, 0, 2559, 1599)
2025-05-25 22:06:03,155 - INFO - 区域截图成功，实际尺寸: (2559, 1599)
2025-05-25 22:06:03,279 - INFO - 截图编码完成，图片大小: 656472 字符
2025-05-25 22:06:03,304 - INFO - 截图上传成功，请求ID: 7df90be3-477d-4c83-971e-3ba47ae08d69
2025-05-25 22:06:03,306 - INFO - 截图请求处理完成 - ID: 7df90be3-477d-4c83-971e-3ba47ae08d69
2025-05-25 22:06:39,249 - INFO - 发现 1 个待处理的截图请求
2025-05-25 22:06:39,249 - INFO - 开始处理截图请求 - ID: a9762a12-ee19-4b03-ad50-8b0571e0832a, 用户: art_viewer_1748181999235
2025-05-25 22:06:39,249 - INFO - 准备区域截图，bbox: (0, 0, 2559, 1599)
2025-05-25 22:06:39,347 - INFO - 区域截图成功，实际尺寸: (2559, 1599)
2025-05-25 22:06:39,467 - INFO - 截图编码完成，图片大小: 693860 字符
2025-05-25 22:06:39,497 - INFO - 截图上传成功，请求ID: a9762a12-ee19-4b03-ad50-8b0571e0832a
2025-05-25 22:06:39,498 - INFO - 截图请求处理完成 - ID: a9762a12-ee19-4b03-ad50-8b0571e0832a
2025-05-25 22:07:09,205 - INFO - 截图客户端已停止
2025-05-25 22:07:09,207 - INFO - 客户端已停止
2025-05-26 10:55:52,691 - INFO - 已选择截图区域: x=0, y=0, width=2557, height=1599
2025-05-26 10:55:54,835 - INFO - 截图客户端初始化完成，服务器地址: https://fq.video2tag.com
2025-05-26 10:55:54,835 - INFO - 截图区域: x=0, y=0, width=2557, height=1599
2025-05-26 10:55:54,835 - INFO - 截图客户端启动中...
2025-05-26 10:55:54,840 - INFO - 客户端已启动
2025-05-26 10:55:55,137 - INFO - 服务器连接测试成功
2025-05-26 10:55:55,138 - INFO - 开始轮询服务器，间隔: 1.0 秒
2025-05-26 10:56:16,842 - INFO - 发现 1 个待处理的截图请求
2025-05-26 10:56:16,843 - INFO - 开始处理截图请求 - ID: 23852961-a4bf-4e58-af71-f147c17bcec3, 用户: art_viewer_1748228176478
2025-05-26 10:56:16,843 - INFO - 准备区域截图，bbox: (0, 0, 2557, 1599)
2025-05-26 10:56:16,932 - INFO - 区域截图成功，实际尺寸: (2557, 1599)
2025-05-26 10:56:17,028 - INFO - 截图编码完成，图片大小: 559752 字符
2025-05-26 10:56:17,472 - INFO - 截图上传成功，请求ID: 23852961-a4bf-4e58-af71-f147c17bcec3
2025-05-26 10:56:17,472 - INFO - 截图请求处理完成 - ID: 23852961-a4bf-4e58-af71-f147c17bcec3
2025-05-26 10:56:25,032 - INFO - 发现 1 个待处理的截图请求
2025-05-26 10:56:25,033 - INFO - 开始处理截图请求 - ID: 0e9b0f88-7c16-4b78-88a7-fea4b48a87da, 用户: art_viewer_1748228184008
2025-05-26 10:56:25,033 - INFO - 准备区域截图，bbox: (0, 0, 2557, 1599)
2025-05-26 10:56:25,092 - INFO - 区域截图成功，实际尺寸: (2557, 1599)
2025-05-26 10:56:25,181 - INFO - 截图编码完成，图片大小: 662940 字符
2025-05-26 10:56:25,347 - INFO - 截图上传成功，请求ID: 0e9b0f88-7c16-4b78-88a7-fea4b48a87da
2025-05-26 10:56:25,347 - INFO - 截图请求处理完成 - ID: 0e9b0f88-7c16-4b78-88a7-fea4b48a87da
2025-05-26 10:57:16,240 - INFO - 发现 1 个待处理的截图请求
2025-05-26 10:57:16,240 - INFO - 开始处理截图请求 - ID: e9eab715-238c-429e-8872-9f15974be347, 用户: art_viewer_1748228234438
2025-05-26 10:57:16,241 - INFO - 准备区域截图，bbox: (0, 0, 2557, 1599)
2025-05-26 10:57:16,294 - INFO - 区域截图成功，实际尺寸: (2557, 1599)
2025-05-26 10:57:16,374 - INFO - 截图编码完成，图片大小: 745780 字符
2025-05-26 10:57:16,480 - INFO - 截图上传成功，请求ID: e9eab715-238c-429e-8872-9f15974be347
2025-05-26 10:57:16,480 - INFO - 截图请求处理完成 - ID: e9eab715-238c-429e-8872-9f15974be347
2025-05-26 10:57:45,588 - INFO - 截图客户端已停止
2025-05-26 10:57:45,590 - INFO - 客户端已停止
